<?xml version="1.0" encoding="UTF-8"?>
<!-- Generated by org.testng.reporters.JUnitReportReporter -->
<testsuite skipped="0" hostname="BDC4-D-1SQ0N62" name="Day1.testcities" tests="1" failures="0" timestamp="07 Feb 2019 10:35:19 GMT" time="55.784" errors="0">
  <testcase name="testcity" time="55.784" classname="Day1.testcities"/>
</testsuite> <!-- Day1.testcities -->
