<?xml version="1.0" encoding="UTF-8"?>
<!-- Generated by org.testng.reporters.JUnitReportReporter -->
<testsuite skipped="0" hostname="BDC4-D-1SQ0N62" name="Day1.TestAjax" tests="1" failures="0" timestamp="07 Feb 2019 10:17:50 GMT" time="29.260" errors="0">
  <testcase name="AjaxTest" time="29.260" classname="Day1.TestAjax"/>
</testsuite> <!-- Day1.TestAjax -->
