<?xml version="1.0" encoding="UTF-8"?>
<!-- Generated by org.testng.reporters.JUnitReportReporter -->
<testsuite skipped="0" hostname="BDC4-D-1SQ0N62" name="Day2.TestLoginDemoWebShop" tests="6" failures="0" timestamp="08 Feb 2019 09:42:30 GMT" time="35.028" errors="0">
  <testcase name="testDemoWebShopLogin" time="5.313" classname="Day2.TestLoginDemoWebShop"/>
  <testcase name="testDemoWebShopLogin" time="2.823" classname="Day2.TestLoginDemoWebShop"/>
  <testcase name="testDemoWebShopLogin" time="3.095" classname="Day2.TestLoginDemoWebShop"/>
  <testcase name="testDemoWebShopLogin" time="5.798" classname="Day2.TestLoginDemoWebShop"/>
  <testcase name="testDemoWebShopLogin" time="6.029" classname="Day2.TestLoginDemoWebShop"/>
  <testcase name="testDemoWebShopLogin" time="11.970" classname="Day2.TestLoginDemoWebShop"/>
</testsuite> <!-- Day2.TestLoginDemoWebShop -->
