<?xml version="1.0" encoding="UTF-8"?>
<!-- Generated by org.testng.reporters.JUnitReportReporter -->
<testsuite skipped="0" hostname="BDC4-D-1SQ0N62" name="TestLink" tests="1" failures="0" timestamp="07 Feb 2019 08:48:11 GMT" time="75.419" errors="0">
  <testcase name="LinkTest" time="75.419" classname="TestLink"/>
</testsuite> <!-- TestLink -->
