<?xml version="1.0" encoding="UTF-8"?>
<!-- Generated by org.testng.reporters.JUnitReportReporter -->
<testsuite skipped="0" hostname="BDC4-D-1SQ0N62" name="Day2.TestLoginDemoWebShop" tests="6" failures="0" timestamp="11 Feb 2019 04:46:42 GMT" time="38.807" errors="0">
  <testcase name="testDemoWebShopLogin" time="3.396" classname="Day2.TestLoginDemoWebShop"/>
  <testcase name="testDemoWebShopLogin" time="6.528" classname="Day2.TestLoginDemoWebShop"/>
  <testcase name="testDemoWebShopLogin" time="14.192" classname="Day2.TestLoginDemoWebShop"/>
  <testcase name="testDemoWebShopLogin" time="5.249" classname="Day2.TestLoginDemoWebShop"/>
  <testcase name="testDemoWebShopLogin" time="3.039" classname="Day2.TestLoginDemoWebShop"/>
  <testcase name="testDemoWebShopLogin" time="6.403" classname="Day2.TestLoginDemoWebShop"/>
</testsuite> <!-- Day2.TestLoginDemoWebShop -->
