<?xml version="1.0" encoding="UTF-8"?>
<!-- Generated by org.testng.reporters.JUnitReportReporter -->
<testsuite skipped="0" hostname="BDC4-D-1SQ0N62" name="Day2.DemoExcel" tests="1" failures="0" timestamp="08 Feb 2019 05:09:08 GMT" time="0.777" errors="0">
  <testcase name="DemoExcelTest" time="0.777" classname="Day2.DemoExcel"/>
</testsuite> <!-- Day2.DemoExcel -->
